{"numTotalTestSuites":333,"numPassedTestSuites":333,"numFailedTestSuites":0,"numPendingTestSuites":0,"numTotalTests":822,"numPassedTests":822,"numFailedTests":0,"numPendingTests":0,"numTodoTests":0,"startTime":1762366510118,"success":true,"testResults":[{"assertionResults":[{"ancestorTitles":["","Orchestrator Integration"],"fullName":" Orchestrator Integration should run successfully with valid project root","status":"passed","title":"should run successfully with valid project root","duration":2961,"failureMessages":[]},{"ancestorTitles":["","Orchestrator Integration"],"fullName":" Orchestrator Integration should return error code for invalid project root","status":"passed","title":"should return error code for invalid project root","duration":0,"failureMessages":[]},{"ancestorTitles":["","Orchestrator Integration"],"fullName":" Orchestrator Integration should handle flags correctly","status":"passed","title":"should handle flags correctly","duration":1934,"failureMessages":[]},{"ancestorTitles":["","Orchestrator Integration"],"fullName":" Orchestrator Integration should return error for invalid flag values","status":"passed","title":"should return error for invalid flag values","duration":1,"failureMessages":[]},{"ancestorTitles":["","Orchestrator Integration"],"fullName":" Orchestrator Integration should display version when --version flag is used","status":"passed","title":"should display version when --version flag is used","duration":0,"failureMessages":[]}],"startTime":1762366512901,"endTime":1762366517797,"status":"passed","message":"","name":"/media/iambrandonn/Files/ceps/tests/integration/orchestrator.test.ts"},{"assertionResults":[{"ancestorTitles":["","Phase 1 Smoke Test"],"fullName":" Phase 1 Smoke Test should create KB, insert entities, and generate IDs","status":"passed","title":"should create KB, insert entities, and generate IDs","duration":2,"failureMessages":[]},{"ancestorTitles":["","Phase 1 Smoke Test"],"fullName":" Phase 1 Smoke Test should handle multiple entities and path queries","status":"passed","title":"should handle multiple entities and path queries","duration":1,"failureMessages":[]},{"ancestorTitles":["","Phase 1 Smoke Test"],"fullName":" Phase 1 Smoke Test should allocate and validate QIDs","status":"passed","title":"should allocate and validate QIDs","duration":0,"failureMessages":[]}],"startTime":1762366512279,"endTime":1762366512282,"status":"passed","message":"","name":"/media/iambrandonn/Files/ceps/tests/integration/phase1-smoke.test.ts"},{"assertionResults":[{"ancestorTitles":["","Phase 2 Integration Smoke Test"],"fullName":" Phase 2 Integration Smoke Test should complete end-to-end pipeline: Scanner → Parser → KB → Generator","status":"passed","title":"should complete end-to-end pipeline: Scanner → Parser → KB → Generator","duration":1552,"failureMessages":[]},{"ancestorTitles":["","Phase 2 Integration Smoke Test"],"fullName":" Phase 2 Integration Smoke Test should write specs to disk","status":"passed","title":"should write specs to disk","duration":942,"failureMessages":[]},{"ancestorTitles":["","Phase 2 Integration Smoke Test"],"fullName":" Phase 2 Integration Smoke Test should handle parse errors gracefully","status":"passed","title":"should handle parse errors gracefully","duration":639,"failureMessages":[]}],"startTime":1762366511683,"endTime":1762366514816,"status":"passed","message":"","name":"/media/iambrandonn/Files/ceps/tests/integration/phase2-smoke.test.ts"},{"assertionResults":[{"ancestorTitles":["","Phase 3 Step 0: Integration with Phase 2 Parser"],"fullName":" Phase 3 Step 0: Integration with Phase 2 Parser should resolve imports with real Phase 2 output (file-path keyed)","status":"passed","title":"should resolve imports with real Phase 2 output (file-path keyed)","duration":1493,"failureMessages":[]},{"ancestorTitles":["","Phase 3 Step 0: Integration with Phase 2 Parser"],"fullName":" Phase 3 Step 0: Integration with Phase 2 Parser should handle same-named functions in different files with real hashes","status":"passed","title":"should handle same-named functions in different files with real hashes","duration":772,"failureMessages":[]},{"ancestorTitles":["","Phase 3 Step 0: Integration with Phase 2 Parser"],"fullName":" Phase 3 Step 0: Integration with Phase 2 Parser should resolve same-named methods to correct class with real parser (MUST PASS)","status":"passed","title":"should resolve same-named methods to correct class with real parser (MUST PASS)","duration":671,"failureMessages":[]},{"ancestorTitles":["","Phase 3 Step 0: Integration with Phase 2 Parser"],"fullName":" Phase 3 Step 0: Integration with Phase 2 Parser should handle external library calls correctly with real parser","status":"passed","title":"should handle external library calls correctly with real parser","duration":503,"failureMessages":[]}],"startTime":1762366511153,"endTime":1762366514592,"status":"passed","message":"","name":"/media/iambrandonn/Files/ceps/tests/integration/phase3-step0-resolver.test.ts"},{"assertionResults":[{"ancestorTitles":["","Phase -1: Analyze Step 0 Output for Graph Indices"],"fullName":" Phase -1: Analyze Step 0 Output for Graph Indices should inspect actual resolved relation format for graph construction","status":"passed","title":"should inspect actual resolved relation format for graph construction","duration":1347,"failureMessages":[]},{"ancestorTitles":["","Phase -1: Analyze Step 0 Output for Graph Indices"],"fullName":" Phase -1: Analyze Step 0 Output for Graph Indices should understand graph index requirements from real data","status":"passed","title":"should understand graph index requirements from real data","duration":813,"failureMessages":[]}],"startTime":1762366511650,"endTime":1762366513810,"status":"passed","message":"","name":"/media/iambrandonn/Files/ceps/tests/integration/phase3-step1-analysis.test.ts"},{"assertionResults":[{"ancestorTitles":["","Phase 3 Step 1 E2E: Parser → Resolver → Indices"],"fullName":" Phase 3 Step 1 E2E: Parser → Resolver → Indices should build call graph from real parser → resolver → indices pipeline","status":"passed","title":"should build call graph from real parser → resolver → indices pipeline","duration":1535,"failureMessages":[]},{"ancestorTitles":["","Phase 3 Step 1 E2E: Parser → Resolver → Indices"],"fullName":" Phase 3 Step 1 E2E: Parser → Resolver → Indices should build reverse deps from real parser → resolver → indices pipeline","status":"passed","title":"should build reverse deps from real parser → resolver → indices pipeline","duration":698,"failureMessages":[]},{"ancestorTitles":["","Phase 3 Step 1 E2E: Parser → Resolver → Indices"],"fullName":" Phase 3 Step 1 E2E: Parser → Resolver → Indices should handle import graph from real parser output","status":"passed","title":"should handle import graph from real parser output","duration":600,"failureMessages":[]},{"ancestorTitles":["","Phase 3 Step 1 E2E: Parser → Resolver → Indices"],"fullName":" Phase 3 Step 1 E2E: Parser → Resolver → Indices should skip external library calls in real pipeline","status":"passed","title":"should skip external library calls in real pipeline","duration":530,"failureMessages":[]}],"startTime":1762366511658,"endTime":1762366515021,"status":"passed","message":"","name":"/media/iambrandonn/Files/ceps/tests/integration/phase3-step1-indices-e2e.test.ts"},{"assertionResults":[{"ancestorTitles":["","Phase -1: Analyze FactSet Structure for Confidence Scoring"],"fullName":" Phase -1: Analyze FactSet Structure for Confidence Scoring should inspect actual Phase 2 fact structure","status":"passed","title":"should inspect actual Phase 2 fact structure","duration":1035,"failureMessages":[]}],"startTime":1762366512429,"endTime":1762366513464,"status":"passed","message":"","name":"/media/iambrandonn/Files/ceps/tests/integration/phase3-step2-confidence-analysis.test.ts"},{"assertionResults":[{"ancestorTitles":["","Phase -1 Diagnostic: Phase 2 Predicate Coverage"],"fullName":" Phase -1 Diagnostic: Phase 2 Predicate Coverage should check what predicates Phase 2 emits for Express-like code","status":"passed","title":"should check what predicates Phase 2 emits for Express-like code","duration":894,"failureMessages":[]},{"ancestorTitles":["","Phase -1 Diagnostic: Phase 2 Predicate Coverage"],"fullName":" Phase -1 Diagnostic: Phase 2 Predicate Coverage should check what predicates Phase 2 emits for React-like code","status":"passed","title":"should check what predicates Phase 2 emits for React-like code","duration":595,"failureMessages":[]}],"startTime":1762366512356,"endTime":1762366513845,"status":"passed","message":"","name":"/media/iambrandonn/Files/ceps/tests/integration/phase3-step3-diagnostic.test.ts"},{"assertionResults":[{"ancestorTitles":["","KnowledgeBase Confidence Scoring","getConfidenceScore","base evidence (functions)"],"fullName":" KnowledgeBase Confidence Scoring getConfidenceScore base evidence (functions) should assign base 40 with typed exported function with JSDoc","status":"passed","title":"should assign base 40 with typed exported function with JSDoc","duration":1,"failureMessages":[]},{"ancestorTitles":["","KnowledgeBase Confidence Scoring","getConfidenceScore","base evidence (functions)"],"fullName":" KnowledgeBase Confidence Scoring getConfidenceScore base evidence (functions) should assign base 30 for exported function without JSDoc","status":"passed","title":"should assign base 30 for exported function without JSDoc","duration":0,"failureMessages":[]},{"ancestorTitles":["","KnowledgeBase Confidence Scoring","getConfidenceScore","base evidence (functions)"],"fullName":" KnowledgeBase Confidence Scoring getConfidenceScore base evidence (functions) should assign base 30 for internal function with JSDoc","status":"passed","title":"should assign base 30 for internal function with JSDoc","duration":0,"failureMessages":[]},{"ancestorTitles":["","KnowledgeBase Confidence Scoring","getConfidenceScore","base evidence (functions)"],"fullName":" KnowledgeBase Confidence Scoring getConfidenceScore base evidence (functions) should assign base 20 for internal function without JSDoc or signature","status":"passed","title":"should assign base 20 for internal function without JSDoc or signature","duration":0,"failureMessages":[]},{"ancestorTitles":["","KnowledgeBase Confidence Scoring","getConfidenceScore","base evidence (other entity kinds)"],"fullName":" KnowledgeBase Confidence Scoring getConfidenceScore base evidence (other entity kinds) should assign 40 for exported class with JSDoc","status":"passed","title":"should assign 40 for exported class with JSDoc","duration":0,"failureMessages":[]},{"ancestorTitles":["","KnowledgeBase Confidence Scoring","getConfidenceScore","base evidence (other entity kinds)"],"fullName":" KnowledgeBase Confidence Scoring getConfidenceScore base evidence (other entity kinds) should assign 30 for exported class without JSDoc","status":"passed","title":"should assign 30 for exported class without JSDoc","duration":1,"failureMessages":[]},{"ancestorTitles":["","KnowledgeBase Confidence Scoring","getConfidenceScore","base evidence (other entity kinds)"],"fullName":" KnowledgeBase Confidence Scoring getConfidenceScore base evidence (other entity kinds) should assign 25 for internal class","status":"passed","title":"should assign 25 for internal class","duration":0,"failureMessages":[]},{"ancestorTitles":["","KnowledgeBase Confidence Scoring","getConfidenceScore","base evidence (other entity kinds)"],"fullName":" KnowledgeBase Confidence Scoring getConfidenceScore base evidence (other entity kinds) should assign 35 for method with JSDoc","status":"passed","title":"should assign 35 for method with JSDoc","duration":0,"failureMessages":[]},{"ancestorTitles":["","KnowledgeBase Confidence Scoring","getConfidenceScore","base evidence (other entity kinds)"],"fullName":" KnowledgeBase Confidence Scoring getConfidenceScore base evidence (other entity kinds) should assign 25 for method without JSDoc","status":"passed","title":"should assign 25 for method without JSDoc","duration":0,"failureMessages":[]},{"ancestorTitles":["","KnowledgeBase Confidence Scoring","getConfidenceScore","base evidence (other entity kinds)"],"fullName":" KnowledgeBase Confidence Scoring getConfidenceScore base evidence (other entity kinds) should assign 25 for constant","status":"passed","title":"should assign 25 for constant","duration":0,"failureMessages":[]},{"ancestorTitles":["","KnowledgeBase Confidence Scoring","getConfidenceScore","base evidence (other entity kinds)"],"fullName":" KnowledgeBase Confidence Scoring getConfidenceScore base evidence (other entity kinds) should assign 45 for endpoint","status":"passed","title":"should assign 45 for endpoint","duration":1,"failureMessages":[]},{"ancestorTitles":["","KnowledgeBase Confidence Scoring","getConfidenceScore","reinforcers"],"fullName":" KnowledgeBase Confidence Scoring getConfidenceScore reinforcers should apply +15 for type annotations","status":"passed","title":"should apply +15 for type annotations","duration":0,"failureMessages":[]},{"ancestorTitles":["","KnowledgeBase Confidence Scoring","getConfidenceScore","reinforcers"],"fullName":" KnowledgeBase Confidence Scoring getConfidenceScore reinforcers should apply +10 for ≥3 callers","status":"passed","title":"should apply +10 for ≥3 callers","duration":0,"failureMessages":[]},{"ancestorTitles":["","KnowledgeBase Confidence Scoring","getConfidenceScore","reinforcers"],"fullName":" KnowledgeBase Confidence Scoring getConfidenceScore reinforcers should apply +5 for 1-2 callers","status":"passed","title":"should apply +5 for 1-2 callers","duration":0,"failureMessages":[]},{"ancestorTitles":["","KnowledgeBase Confidence Scoring","getConfidenceScore","reinforcers"],"fullName":" KnowledgeBase Confidence Scoring getConfidenceScore reinforcers should apply +5 for error handling present","status":"passed","title":"should apply +5 for error handling present","duration":0,"failureMessages":[]},{"ancestorTitles":["","KnowledgeBase Confidence Scoring","getConfidenceScore","penalties"],"fullName":" KnowledgeBase Confidence Scoring getConfidenceScore penalties should apply -10 for no type info on functions","status":"passed","title":"should apply -10 for no type info on functions","duration":0,"failureMessages":[]},{"ancestorTitles":["","KnowledgeBase Confidence Scoring","getConfidenceScore","penalties"],"fullName":" KnowledgeBase Confidence Scoring getConfidenceScore penalties should apply -10 for no type info on methods","status":"passed","title":"should apply -10 for no type info on methods","duration":0,"failureMessages":[]},{"ancestorTitles":["","KnowledgeBase Confidence Scoring","getConfidenceScore","penalties"],"fullName":" KnowledgeBase Confidence Scoring getConfidenceScore penalties should NOT apply type penalty to classes","status":"passed","title":"should NOT apply type penalty to classes","duration":0,"failureMessages":[]},{"ancestorTitles":["","KnowledgeBase Confidence Scoring","getConfidenceScore","penalties"],"fullName":" KnowledgeBase Confidence Scoring getConfidenceScore penalties should NOT apply type penalty to constants","status":"passed","title":"should NOT apply type penalty to constants","duration":1,"failureMessages":[]},{"ancestorTitles":["","KnowledgeBase Confidence Scoring","getConfidenceScore","penalties"],"fullName":" KnowledgeBase Confidence Scoring getConfidenceScore penalties should apply -5 for unused entity (no reverse deps)","status":"passed","title":"should apply -5 for unused entity (no reverse deps)","duration":0,"failureMessages":[]},{"ancestorTitles":["","KnowledgeBase Confidence Scoring","getConfidenceScore","clamping"],"fullName":" KnowledgeBase Confidence Scoring getConfidenceScore clamping should clamp confidence to [0, 100]","status":"passed","title":"should clamp confidence to [0, 100]","duration":0,"failureMessages":[]},{"ancestorTitles":["","KnowledgeBase Confidence Scoring","getConfidenceScore","combined scenarios"],"fullName":" KnowledgeBase Confidence Scoring getConfidenceScore combined scenarios should combine multiple reinforcers and penalties correctly","status":"passed","title":"should combine multiple reinforcers and penalties correctly","duration":0,"failureMessages":[]},{"ancestorTitles":["","KnowledgeBase Confidence Scoring","getConfidenceScore","combined scenarios"],"fullName":" KnowledgeBase Confidence Scoring getConfidenceScore combined scenarios should merge multiple factSets correctly","status":"passed","title":"should merge multiple factSets correctly","duration":0,"failureMessages":[]},{"ancestorTitles":["","KnowledgeBase Confidence Scoring","scoreToConfidenceBand"],"fullName":" KnowledgeBase Confidence Scoring scoreToConfidenceBand should return \"High\" for scores ≥ 70","status":"passed","title":"should return \"High\" for scores ≥ 70","duration":0,"failureMessages":[]},{"ancestorTitles":["","KnowledgeBase Confidence Scoring","scoreToConfidenceBand"],"fullName":" KnowledgeBase Confidence Scoring scoreToConfidenceBand should return \"Medium\" for scores 40-69","status":"passed","title":"should return \"Medium\" for scores 40-69","duration":0,"failureMessages":[]},{"ancestorTitles":["","KnowledgeBase Confidence Scoring","scoreToConfidenceBand"],"fullName":" KnowledgeBase Confidence Scoring scoreToConfidenceBand should return \"Low\" for scores < 40","status":"passed","title":"should return \"Low\" for scores < 40","duration":1,"failureMessages":[]},{"ancestorTitles":["","KnowledgeBase Confidence Scoring","scoreConfidence (main API)"],"fullName":" KnowledgeBase Confidence Scoring scoreConfidence (main API) should return Confidence band directly","status":"passed","title":"should return Confidence band directly","duration":0,"failureMessages":[]},{"ancestorTitles":["","KnowledgeBase Confidence Scoring","edge cases"],"fullName":" KnowledgeBase Confidence Scoring edge cases should handle empty factSetIds array","status":"passed","title":"should handle empty factSetIds array","duration":0,"failureMessages":[]},{"ancestorTitles":["","KnowledgeBase Confidence Scoring","edge cases"],"fullName":" KnowledgeBase Confidence Scoring edge cases should handle non-existent factSet ID","status":"passed","title":"should handle non-existent factSet ID","duration":0,"failureMessages":[]},{"ancestorTitles":["","KnowledgeBase Confidence Scoring","edge cases"],"fullName":" KnowledgeBase Confidence Scoring edge cases should handle factSet with no facts","status":"passed","title":"should handle factSet with no facts","duration":0,"failureMessages":[]},{"ancestorTitles":["","KnowledgeBase Confidence Scoring","edge cases"],"fullName":" KnowledgeBase Confidence Scoring edge cases should return 20 when entity not found in KB","status":"passed","title":"should return 20 when entity not found in KB","duration":0,"failureMessages":[]},{"ancestorTitles":["","KnowledgeBase Confidence Scoring","edge cases"],"fullName":" KnowledgeBase Confidence Scoring edge cases should handle unknown entity kind with default score","status":"passed","title":"should handle unknown entity kind with default score","duration":0,"failureMessages":[]}],"startTime":1762366510659,"endTime":1762366510665,"status":"passed","message":"","name":"/media/iambrandonn/Files/ceps/tests/unit/kb/confidence-scoring.test.ts"},{"assertionResults":[{"ancestorTitles":["","Content Normalization"],"fullName":" Content Normalization should normalize Unicode to NFKC","status":"passed","title":"should normalize Unicode to NFKC","duration":2,"failureMessages":[]},{"ancestorTitles":["","Content Normalization"],"fullName":" Content Normalization should lowercase text","status":"passed","title":"should lowercase text","duration":1,"failureMessages":[]},{"ancestorTitles":["","Content Normalization"],"fullName":" Content Normalization should collapse whitespace to single spaces","status":"passed","title":"should collapse whitespace to single spaces","duration":0,"failureMessages":[]},{"ancestorTitles":["","Content Normalization"],"fullName":" Content Normalization should trim surrounding whitespace","status":"passed","title":"should trim surrounding whitespace","duration":0,"failureMessages":[]},{"ancestorTitles":["","Content Normalization"],"fullName":" Content Normalization should strip surrounding punctuation","status":"passed","title":"should strip surrounding punctuation","duration":0,"failureMessages":[]},{"ancestorTitles":["","Content Normalization"],"fullName":" Content Normalization should handle empty string","status":"passed","title":"should handle empty string","duration":0,"failureMessages":[]},{"ancestorTitles":["","Anchor Generation"],"fullName":" Anchor Generation should generate 10-character base62 anchor","status":"passed","title":"should generate 10-character base62 anchor","duration":14,"failureMessages":[]},{"ancestorTitles":["","Anchor Generation"],"fullName":" Anchor Generation should be deterministic for same input","status":"passed","title":"should be deterministic for same input","duration":11,"failureMessages":[]},{"ancestorTitles":["","Anchor Generation"],"fullName":" Anchor Generation should produce different anchors for different content","status":"passed","title":"should produce different anchors for different content","duration":1,"failureMessages":[]},{"ancestorTitles":["","Anchor Generation"],"fullName":" Anchor Generation should handle collision by extending to 16 characters","status":"passed","title":"should handle collision by extending to 16 characters","duration":1,"failureMessages":[]},{"ancestorTitles":["","Anchor Generation"],"fullName":" Anchor Generation should append -2 suffix if 16-char also collides","status":"passed","title":"should append -2 suffix if 16-char also collides","duration":0,"failureMessages":[]},{"ancestorTitles":["","QID Generation"],"fullName":" QID Generation should generate QID with \"q:\" prefix","status":"passed","title":"should generate QID with \"q:\" prefix","duration":0,"failureMessages":[]},{"ancestorTitles":["","QID Generation"],"fullName":" QID Generation should be deterministic for same inputs","status":"passed","title":"should be deterministic for same inputs","duration":1,"failureMessages":[]},{"ancestorTitles":["","QID Generation"],"fullName":" QID Generation should handle collision by extending to 16 characters","status":"passed","title":"should handle collision by extending to 16 characters","duration":0,"failureMessages":[]},{"ancestorTitles":["","QID Generation"],"fullName":" QID Generation should append -2, -3, etc. if still collides after extension","status":"passed","title":"should append -2, -3, etc. if still collides after extension","duration":0,"failureMessages":[]}],"startTime":1762366512079,"endTime":1762366512110,"status":"passed","message":"","name":"/media/iambrandonn/Files/ceps/tests/unit/kb/id-generation.test.ts"},{"assertionResults":[{"ancestorTitles":["","KnowledgeBase - Graph Indices","getCallGraph"],"fullName":" KnowledgeBase - Graph Indices getCallGraph should build call graph from resolved call relations","status":"passed","title":"should build call graph from resolved call relations","duration":1,"failureMessages":[]},{"ancestorTitles":["","KnowledgeBase - Graph Indices","getCallGraph"],"fullName":" KnowledgeBase - Graph Indices getCallGraph should handle transitive calls (A → B → C)","status":"passed","title":"should handle transitive calls (A → B → C)","duration":0,"failureMessages":[]},{"ancestorTitles":["","KnowledgeBase - Graph Indices","getCallGraph"],"fullName":" KnowledgeBase - Graph Indices getCallGraph should handle cyclic calls (A → B → A)","status":"passed","title":"should handle cyclic calls (A → B → A)","duration":1,"failureMessages":[]},{"ancestorTitles":["","KnowledgeBase - Graph Indices","getCallGraph"],"fullName":" KnowledgeBase - Graph Indices getCallGraph should skip unresolved call relations (objectId = null)","status":"passed","title":"should skip unresolved call relations (objectId = null)","duration":0,"failureMessages":[]},{"ancestorTitles":["","KnowledgeBase - Graph Indices","getCallGraph"],"fullName":" KnowledgeBase - Graph Indices getCallGraph should skip unresolved call relations (details.resolved = false)","status":"passed","title":"should skip unresolved call relations (details.resolved = false)","duration":0,"failureMessages":[]},{"ancestorTitles":["","KnowledgeBase - Graph Indices","getCallGraph"],"fullName":" KnowledgeBase - Graph Indices getCallGraph should handle multiple calls from same function","status":"passed","title":"should handle multiple calls from same function","duration":0,"failureMessages":[]},{"ancestorTitles":["","KnowledgeBase - Graph Indices","getImportGraph"],"fullName":" KnowledgeBase - Graph Indices getImportGraph should build import graph from import relations","status":"passed","title":"should build import graph from import relations","duration":0,"failureMessages":[]},{"ancestorTitles":["","KnowledgeBase - Graph Indices","getImportGraph"],"fullName":" KnowledgeBase - Graph Indices getImportGraph should handle transitive imports (A imports B imports C)","status":"passed","title":"should handle transitive imports (A imports B imports C)","duration":1,"failureMessages":[]},{"ancestorTitles":["","KnowledgeBase - Graph Indices","getImportGraph"],"fullName":" KnowledgeBase - Graph Indices getImportGraph should handle circular imports (A imports B imports A)","status":"passed","title":"should handle circular imports (A imports B imports A)","duration":0,"failureMessages":[]},{"ancestorTitles":["","KnowledgeBase - Graph Indices","getImportGraph"],"fullName":" KnowledgeBase - Graph Indices getImportGraph should handle multiple imports from same file","status":"passed","title":"should handle multiple imports from same file","duration":0,"failureMessages":[]},{"ancestorTitles":["","KnowledgeBase - Graph Indices","getReverseDeps"],"fullName":" KnowledgeBase - Graph Indices getReverseDeps should return entities that depend on the given entity (calls)","status":"passed","title":"should return entities that depend on the given entity (calls)","duration":0,"failureMessages":[]},{"ancestorTitles":["","KnowledgeBase - Graph Indices","getReverseDeps"],"fullName":" KnowledgeBase - Graph Indices getReverseDeps should return empty set for entities with no dependents","status":"passed","title":"should return empty set for entities with no dependents","duration":0,"failureMessages":[]},{"ancestorTitles":["","KnowledgeBase - Graph Indices","getReverseDeps"],"fullName":" KnowledgeBase - Graph Indices getReverseDeps should include file-level import dependencies","status":"passed","title":"should include file-level import dependencies","duration":0,"failureMessages":[]},{"ancestorTitles":["","KnowledgeBase - Graph Indices","getReverseDeps"],"fullName":" KnowledgeBase - Graph Indices getReverseDeps should handle mixed relations (calls + imports)","status":"passed","title":"should handle mixed relations (calls + imports)","duration":1,"failureMessages":[]},{"ancestorTitles":["","KnowledgeBase - Graph Indices","getReverseDeps"],"fullName":" KnowledgeBase - Graph Indices getReverseDeps should not include unresolved call relations in reverse deps","status":"passed","title":"should not include unresolved call relations in reverse deps","duration":0,"failureMessages":[]},{"ancestorTitles":["","KnowledgeBase - Graph Indices","index caching and invalidation"],"fullName":" KnowledgeBase - Graph Indices index caching and invalidation should cache indices after first build","status":"passed","title":"should cache indices after first build","duration":0,"failureMessages":[]},{"ancestorTitles":["","KnowledgeBase - Graph Indices","index caching and invalidation"],"fullName":" KnowledgeBase - Graph Indices index caching and invalidation should invalidate cache when new relation added","status":"passed","title":"should invalidate cache when new relation added","duration":0,"failureMessages":[]},{"ancestorTitles":["","KnowledgeBase - Graph Indices","index caching and invalidation"],"fullName":" KnowledgeBase - Graph Indices index caching and invalidation should invalidate all caches when relation added","status":"passed","title":"should invalidate all caches when relation added","duration":1,"failureMessages":[]}],"startTime":1762366510659,"endTime":1762366510664,"status":"passed","message":"","name":"/media/iambrandonn/Files/ceps/tests/unit/kb/kb-indices.test.ts"},{"assertionResults":[{"ancestorTitles":["","KnowledgeBase","Entity Operations"],"fullName":" KnowledgeBase Entity Operations should insert an entity","status":"passed","title":"should insert an entity","duration":1,"failureMessages":[]},{"ancestorTitles":["","KnowledgeBase","Entity Operations"],"fullName":" KnowledgeBase Entity Operations should handle re-inserting same entity ID without duplicating indices","status":"passed","title":"should handle re-inserting same entity ID without duplicating indices","duration":1,"failureMessages":[]},{"ancestorTitles":["","KnowledgeBase","Entity Operations"],"fullName":" KnowledgeBase Entity Operations should update an existing entity","status":"passed","title":"should update an existing entity","duration":1,"failureMessages":[]},{"ancestorTitles":["","KnowledgeBase","Entity Operations"],"fullName":" KnowledgeBase Entity Operations should update indices when entity path changes","status":"passed","title":"should update indices when entity path changes","duration":0,"failureMessages":[]},{"ancestorTitles":["","KnowledgeBase","Entity Operations"],"fullName":" KnowledgeBase Entity Operations should update exported index when entity export status changes","status":"passed","title":"should update exported index when entity export status changes","duration":0,"failureMessages":[]},{"ancestorTitles":["","KnowledgeBase","Entity Operations"],"fullName":" KnowledgeBase Entity Operations should replace nested attributes object when updated","status":"passed","title":"should replace nested attributes object when updated","duration":0,"failureMessages":[]},{"ancestorTitles":["","KnowledgeBase","Entity Operations"],"fullName":" KnowledgeBase Entity Operations should throw error when updating nonexistent entity","status":"passed","title":"should throw error when updating nonexistent entity","duration":1,"failureMessages":[]},{"ancestorTitles":["","KnowledgeBase","Entity Operations"],"fullName":" KnowledgeBase Entity Operations should find entities by path","status":"passed","title":"should find entities by path","duration":0,"failureMessages":[]},{"ancestorTitles":["","KnowledgeBase","Entity Operations"],"fullName":" KnowledgeBase Entity Operations should list exported entities","status":"passed","title":"should list exported entities","duration":0,"failureMessages":[]},{"ancestorTitles":["","KnowledgeBase","FactSet Operations"],"fullName":" KnowledgeBase FactSet Operations should insert a factSet","status":"passed","title":"should insert a factSet","duration":0,"failureMessages":[]},{"ancestorTitles":["","KnowledgeBase","BehaviorChunk Operations"],"fullName":" KnowledgeBase BehaviorChunk Operations should link a chunk to factSets","status":"passed","title":"should link a chunk to factSets","duration":0,"failureMessages":[]},{"ancestorTitles":["","KnowledgeBase","Batch Operations"],"fullName":" KnowledgeBase Batch Operations should support batch transactions","status":"passed","title":"should support batch transactions","duration":1,"failureMessages":[]},{"ancestorTitles":["","KnowledgeBase","Batch Operations"],"fullName":" KnowledgeBase Batch Operations should rollback changes to entities","status":"passed","title":"should rollback changes to entities","duration":0,"failureMessages":[]},{"ancestorTitles":["","KnowledgeBase","Batch Operations"],"fullName":" KnowledgeBase Batch Operations should rollback new entities","status":"passed","title":"should rollback new entities","duration":0,"failureMessages":[]},{"ancestorTitles":["","KnowledgeBase","Batch Operations"],"fullName":" KnowledgeBase Batch Operations should rollback index changes","status":"passed","title":"should rollback index changes","duration":0,"failureMessages":[]},{"ancestorTitles":["","KnowledgeBase","Batch Operations"],"fullName":" KnowledgeBase Batch Operations should throw error when calling beginBatch twice (nested batch)","status":"passed","title":"should throw error when calling beginBatch twice (nested batch)","duration":0,"failureMessages":[]},{"ancestorTitles":["","KnowledgeBase","Batch Operations"],"fullName":" KnowledgeBase Batch Operations should throw error when committing without batch","status":"passed","title":"should throw error when committing without batch","duration":0,"failureMessages":[]},{"ancestorTitles":["","KnowledgeBase","Batch Operations"],"fullName":" KnowledgeBase Batch Operations should throw error when rolling back without batch","status":"passed","title":"should throw error when rolling back without batch","duration":0,"failureMessages":[]},{"ancestorTitles":["","KnowledgeBase","Stub APIs (Phase 3)"],"fullName":" KnowledgeBase Stub APIs (Phase 3) should return Low confidence for non-existent factSets","status":"passed","title":"should return Low confidence for non-existent factSets","duration":0,"failureMessages":[]},{"ancestorTitles":["","KnowledgeBase","Stub APIs (Phase 3)"],"fullName":" KnowledgeBase Stub APIs (Phase 3) should return empty array for neighbors (stubbed)","status":"passed","title":"should return empty array for neighbors (stubbed)","duration":0,"failureMessages":[]},{"ancestorTitles":["","KnowledgeBase","Stub APIs (Phase 3)"],"fullName":" KnowledgeBase Stub APIs (Phase 3) should return empty array for listOpenQuestions (stubbed)","status":"passed","title":"should return empty array for listOpenQuestions (stubbed)","duration":0,"failureMessages":[]},{"ancestorTitles":["","KnowledgeBase","Stub APIs (Phase 3)"],"fullName":" KnowledgeBase Stub APIs (Phase 3) should allocate QID using generateQID","status":"passed","title":"should allocate QID using generateQID","duration":0,"failureMessages":[]},{"ancestorTitles":["","KnowledgeBase","Stub APIs (Phase 3)"],"fullName":" KnowledgeBase Stub APIs (Phase 3) should track allocated QIDs (idempotent allocation)","status":"passed","title":"should track allocated QIDs (idempotent allocation)","duration":1,"failureMessages":[]},{"ancestorTitles":["","KnowledgeBase","BehaviorChunk Extensions"],"fullName":" KnowledgeBase BehaviorChunk Extensions should return all chunks via getAllChunks","status":"passed","title":"should return all chunks via getAllChunks","duration":0,"failureMessages":[]},{"ancestorTitles":["","KnowledgeBase","BehaviorChunk Extensions"],"fullName":" KnowledgeBase BehaviorChunk Extensions should filter chunks by entity via getChunksByEntity","status":"passed","title":"should filter chunks by entity via getChunksByEntity","duration":1,"failureMessages":[]},{"ancestorTitles":["","KnowledgeBase","BehaviorChunk Extensions"],"fullName":" KnowledgeBase BehaviorChunk Extensions should return empty array for non-existent entity","status":"passed","title":"should return empty array for non-existent entity","duration":0,"failureMessages":[]},{"ancestorTitles":["","KnowledgeBase","BehaviorChunk Extensions"],"fullName":" KnowledgeBase BehaviorChunk Extensions should update chunk confidence via updateChunk","status":"passed","title":"should update chunk confidence via updateChunk","duration":0,"failureMessages":[]},{"ancestorTitles":["","KnowledgeBase","BehaviorChunk Extensions"],"fullName":" KnowledgeBase BehaviorChunk Extensions should update multiple fields via updateChunk","status":"passed","title":"should update multiple fields via updateChunk","duration":0,"failureMessages":[]},{"ancestorTitles":["","KnowledgeBase","BehaviorChunk Extensions"],"fullName":" KnowledgeBase BehaviorChunk Extensions should throw error when updating non-existent chunk","status":"passed","title":"should throw error when updating non-existent chunk","duration":0,"failureMessages":[]},{"ancestorTitles":["","KnowledgeBase","OpenQuestion Storage"],"fullName":" KnowledgeBase OpenQuestion Storage should store and retrieve open questions","status":"passed","title":"should store and retrieve open questions","duration":1,"failureMessages":[]},{"ancestorTitles":["","KnowledgeBase","OpenQuestion Storage"],"fullName":" KnowledgeBase OpenQuestion Storage should filter open questions by entity","status":"passed","title":"should filter open questions by entity","duration":0,"failureMessages":[]},{"ancestorTitles":["","KnowledgeBase","OpenQuestion Storage"],"fullName":" KnowledgeBase OpenQuestion Storage should return empty array for entity with no questions","status":"passed","title":"should return empty array for entity with no questions","duration":0,"failureMessages":[]},{"ancestorTitles":["","KnowledgeBase","OpenQuestion Storage"],"fullName":" KnowledgeBase OpenQuestion Storage should return all open questions via getAllOpenQuestions","status":"passed","title":"should return all open questions via getAllOpenQuestions","duration":0,"failureMessages":[]},{"ancestorTitles":["","KnowledgeBase","OpenQuestion Storage"],"fullName":" KnowledgeBase OpenQuestion Storage should handle empty open questions gracefully","status":"passed","title":"should handle empty open questions gracefully","duration":0,"failureMessages":[]}],"startTime":1762366510659,"endTime":1762366510668,"status":"passed","message":"","name":"/media/iambrandonn/Files/ceps/tests/unit/kb/knowledge-base.test.ts"},{"assertionResults":[{"ancestorTitles":["","Entity Model"],"fullName":" Entity Model should create a valid entity","status":"passed","title":"should create a valid entity","duration":15,"failureMessages":[]},{"ancestorTitles":["","Entity Model"],"fullName":" Entity Model should validate entity kind","status":"passed","title":"should validate entity kind","duration":1,"failureMessages":[]},{"ancestorTitles":["","Entity Model"],"fullName":" Entity Model should normalize path separators to POSIX","status":"passed","title":"should normalize path separators to POSIX","duration":1,"failureMessages":[]},{"ancestorTitles":["","FactSet Model"],"fullName":" FactSet Model should create a factSet with evidence score","status":"passed","title":"should create a factSet with evidence score","duration":0,"failureMessages":[]},{"ancestorTitles":["","FactSet Model"],"fullName":" FactSet Model should clamp evidence score to [0, 100]","status":"passed","title":"should clamp evidence score to [0, 100]","duration":1,"failureMessages":[]},{"ancestorTitles":["","BehaviorChunk Model"],"fullName":" BehaviorChunk Model should require at least one factSetId","status":"passed","title":"should require at least one factSetId","duration":0,"failureMessages":[]},{"ancestorTitles":["","BehaviorChunk Model"],"fullName":" BehaviorChunk Model should validate confidence values","status":"passed","title":"should validate confidence values","duration":0,"failureMessages":[]}],"startTime":1762366512214,"endTime":1762366512232,"status":"passed","message":"","name":"/media/iambrandonn/Files/ceps/tests/unit/kb/models.test.ts"},{"assertionResults":[{"ancestorTitles":["","Markdown Renderer"],"fullName":" Markdown Renderer should render entity as Markdown section","status":"passed","title":"should render entity as Markdown section","duration":1,"failureMessages":[]},{"ancestorTitles":["","Markdown Renderer"],"fullName":" Markdown Renderer should include anchor for entity","status":"passed","title":"should include anchor for entity","duration":0,"failureMessages":[]},{"ancestorTitles":["","Markdown Renderer"],"fullName":" Markdown Renderer should render side effects","status":"passed","title":"should render side effects","duration":0,"failureMessages":[]},{"ancestorTitles":["","Markdown Renderer"],"fullName":" Markdown Renderer should render errors thrown","status":"passed","title":"should render errors thrown","duration":0,"failureMessages":[]},{"ancestorTitles":["","Markdown Renderer"],"fullName":" Markdown Renderer should use style kit lexicon","status":"passed","title":"should use style kit lexicon","duration":0,"failureMessages":[]},{"ancestorTitles":["","Markdown Renderer"],"fullName":" Markdown Renderer should render behavior chunks if provided","status":"passed","title":"should render behavior chunks if provided","duration":0,"failureMessages":[]},{"ancestorTitles":["","Markdown Renderer"],"fullName":" Markdown Renderer should render visibility for exported entities","status":"passed","title":"should render visibility for exported entities","duration":0,"failureMessages":[]},{"ancestorTitles":["","Markdown Renderer"],"fullName":" Markdown Renderer should generate template prose for functions with \"fetch\" prefix","status":"passed","title":"should generate template prose for functions with \"fetch\" prefix","duration":0,"failureMessages":[]},{"ancestorTitles":["","Markdown Renderer"],"fullName":" Markdown Renderer should generate template prose for functions with \"save\" prefix","status":"passed","title":"should generate template prose for functions with \"save\" prefix","duration":0,"failureMessages":[]},{"ancestorTitles":["","Markdown Renderer"],"fullName":" Markdown Renderer should generate template prose for functions with \"validate\" prefix","status":"passed","title":"should generate template prose for functions with \"validate\" prefix","duration":0,"failureMessages":[]},{"ancestorTitles":["","Markdown Renderer"],"fullName":" Markdown Renderer should generate template prose for classes","status":"passed","title":"should generate template prose for classes","duration":0,"failureMessages":[]},{"ancestorTitles":["","Markdown Renderer"],"fullName":" Markdown Renderer should use ### for non-file entities","status":"passed","title":"should use ### for non-file entities","duration":0,"failureMessages":[]},{"ancestorTitles":["","Markdown Renderer"],"fullName":" Markdown Renderer should use ## for file entities","status":"passed","title":"should use ## for file entities","duration":0,"failureMessages":[]}],"startTime":1762366511678,"endTime":1762366511680,"status":"passed","message":"","name":"/media/iambrandonn/Files/ceps/tests/unit/generator/markdown-renderer.test.ts"},{"assertionResults":[{"ancestorTitles":["","Spec Generator","Non-monorepo projects"],"fullName":" Spec Generator Non-monorepo projects should generate root spec.md","status":"passed","title":"should generate root spec.md","duration":2,"failureMessages":[]},{"ancestorTitles":["","Spec Generator","Non-monorepo projects"],"fullName":" Spec Generator Non-monorepo projects should include confidence bands in conventions","status":"passed","title":"should include confidence bands in conventions","duration":0,"failureMessages":[]},{"ancestorTitles":["","Spec Generator","Non-monorepo projects"],"fullName":" Spec Generator Non-monorepo projects should include Open Questions explanation in conventions","status":"passed","title":"should include Open Questions explanation in conventions","duration":1,"failureMessages":[]},{"ancestorTitles":["","Spec Generator","Non-monorepo projects"],"fullName":" Spec Generator Non-monorepo projects should list exported entities count in overview","status":"passed","title":"should list exported entities count in overview","duration":0,"failureMessages":[]},{"ancestorTitles":["","Spec Generator","Non-monorepo projects"],"fullName":" Spec Generator Non-monorepo projects should generate per-directory specs","status":"passed","title":"should generate per-directory specs","duration":0,"failureMessages":[]},{"ancestorTitles":["","Spec Generator","Non-monorepo projects"],"fullName":" Spec Generator Non-monorepo projects should group entities by directory","status":"passed","title":"should group entities by directory","duration":1,"failureMessages":[]},{"ancestorTitles":["","Spec Generator","Non-monorepo projects"],"fullName":" Spec Generator Non-monorepo projects should group entities by file within directories","status":"passed","title":"should group entities by file within directories","duration":0,"failureMessages":[]},{"ancestorTitles":["","Spec Generator","Non-monorepo projects"],"fullName":" Spec Generator Non-monorepo projects should include entity anchors in directory specs","status":"passed","title":"should include entity anchors in directory specs","duration":0,"failureMessages":[]},{"ancestorTitles":["","Spec Generator","Non-monorepo projects"],"fullName":" Spec Generator Non-monorepo projects should list directories in root spec index","status":"passed","title":"should list directories in root spec index","duration":0,"failureMessages":[]},{"ancestorTitles":["","Spec Generator","Non-monorepo projects"],"fullName":" Spec Generator Non-monorepo projects should not generate specs for directories with no exported entities","status":"passed","title":"should not generate specs for directories with no exported entities","duration":1,"failureMessages":[]},{"ancestorTitles":["","Spec Generator","Monorepo projects"],"fullName":" Spec Generator Monorepo projects should generate per-package specs for monorepos","status":"passed","title":"should generate per-package specs for monorepos","duration":3,"failureMessages":[]},{"ancestorTitles":["","Spec Generator","Monorepo projects"],"fullName":" Spec Generator Monorepo projects should include package metadata in monorepo root spec","status":"passed","title":"should include package metadata in monorepo root spec","duration":0,"failureMessages":[]},{"ancestorTitles":["","Spec Generator","Monorepo projects"],"fullName":" Spec Generator Monorepo projects should link to package specs in monorepo root","status":"passed","title":"should link to package specs in monorepo root","duration":0,"failureMessages":[]},{"ancestorTitles":["","Spec Generator","Monorepo projects"],"fullName":" Spec Generator Monorepo projects should show package name in package spec heading","status":"passed","title":"should show package name in package spec heading","duration":0,"failureMessages":[]},{"ancestorTitles":["","Spec Generator","Monorepo projects"],"fullName":" Spec Generator Monorepo projects should only include entities from the correct package","status":"passed","title":"should only include entities from the correct package","duration":0,"failureMessages":[]},{"ancestorTitles":["","Spec Generator","Monorepo projects"],"fullName":" Spec Generator Monorepo projects should not generate package spec if package has no exported entities","status":"passed","title":"should not generate package spec if package has no exported entities","duration":0,"failureMessages":[]}],"startTime":1762366510680,"endTime":1762366510688,"status":"passed","message":"","name":"/media/iambrandonn/Files/ceps/tests/unit/generator/spec-generator.test.ts"},{"assertionResults":[{"ancestorTitles":["","BudgetTracker","checkBudget"],"fullName":" BudgetTracker checkBudget should return true when under budget","status":"passed","title":"should return true when under budget","duration":1,"failureMessages":[]},{"ancestorTitles":["","BudgetTracker","checkBudget"],"fullName":" BudgetTracker checkBudget should return true after recording usage under budget","status":"passed","title":"should return true after recording usage under budget","duration":0,"failureMessages":[]},{"ancestorTitles":["","BudgetTracker","checkBudget"],"fullName":" BudgetTracker checkBudget should return false when budget exceeded","status":"passed","title":"should return false when budget exceeded","duration":0,"failureMessages":[]},{"ancestorTitles":["","BudgetTracker","checkBudget"],"fullName":" BudgetTracker checkBudget should return false when exactly at budget","status":"passed","title":"should return false when exactly at budget","duration":0,"failureMessages":[]},{"ancestorTitles":["","BudgetTracker","recordUsage"],"fullName":" BudgetTracker recordUsage should record token usage correctly","status":"passed","title":"should record token usage correctly","duration":0,"failureMessages":[]},{"ancestorTitles":["","BudgetTracker","recordUsage"],"fullName":" BudgetTracker recordUsage should accumulate multiple usage records","status":"passed","title":"should accumulate multiple usage records","duration":0,"failureMessages":[]},{"ancestorTitles":["","BudgetTracker","recordUsage"],"fullName":" BudgetTracker recordUsage should track cost in USD","status":"passed","title":"should track cost in USD","duration":1,"failureMessages":[]},{"ancestorTitles":["","BudgetTracker","recordUsage"],"fullName":" BudgetTracker recordUsage should track provider-specific usage","status":"passed","title":"should track provider-specific usage","duration":0,"failureMessages":[]},{"ancestorTitles":["","BudgetTracker","getUsage"],"fullName":" BudgetTracker getUsage should return zero usage initially","status":"passed","title":"should return zero usage initially","duration":23,"failureMessages":[]},{"ancestorTitles":["","BudgetTracker","getUsage"],"fullName":" BudgetTracker getUsage should return correct usage statistics","status":"passed","title":"should return correct usage statistics","duration":0,"failureMessages":[]},{"ancestorTitles":["","BudgetTracker","getUsage"],"fullName":" BudgetTracker getUsage should calculate budget percentages correctly","status":"passed","title":"should calculate budget percentages correctly","duration":1,"failureMessages":[]},{"ancestorTitles":["","BudgetTracker","getRemainingBudget"],"fullName":" BudgetTracker getRemainingBudget should return full budget initially","status":"passed","title":"should return full budget initially","duration":0,"failureMessages":[]},{"ancestorTitles":["","BudgetTracker","getRemainingBudget"],"fullName":" BudgetTracker getRemainingBudget should return correct remaining budget after usage","status":"passed","title":"should return correct remaining budget after usage","duration":0,"failureMessages":[]},{"ancestorTitles":["","BudgetTracker","getRemainingBudget"],"fullName":" BudgetTracker getRemainingBudget should return zero when budget exceeded","status":"passed","title":"should return zero when budget exceeded","duration":0,"failureMessages":[]},{"ancestorTitles":["","BudgetTracker","reset"],"fullName":" BudgetTracker reset should reset all usage statistics","status":"passed","title":"should reset all usage statistics","duration":1,"failureMessages":[]},{"ancestorTitles":["","BudgetTracker","reset"],"fullName":" BudgetTracker reset should preserve budget limit after reset","status":"passed","title":"should preserve budget limit after reset","duration":0,"failureMessages":[]},{"ancestorTitles":["","BudgetTracker","custom budget limits"],"fullName":" BudgetTracker custom budget limits should accept custom budget on initialization","status":"passed","title":"should accept custom budget on initialization","duration":1,"failureMessages":[]},{"ancestorTitles":["","BudgetTracker","custom budget limits"],"fullName":" BudgetTracker custom budget limits should respect custom budget limits","status":"passed","title":"should respect custom budget limits","duration":0,"failureMessages":[]},{"ancestorTitles":["","BudgetTracker","unlimited budget"],"fullName":" BudgetTracker unlimited budget should support unlimited budget with zero or negative value","status":"passed","title":"should support unlimited budget with zero or negative value","duration":0,"failureMessages":[]}],"startTime":1762366511755,"endTime":1762366511785,"status":"passed","message":"","name":"/media/iambrandonn/Files/ceps/tests/unit/llm/budget.test.ts"},{"assertionResults":[{"ancestorTitles":["","LLMCache","generateCacheKey"],"fullName":" LLMCache generateCacheKey should generate deterministic cache key from inputs","status":"passed","title":"should generate deterministic cache key from inputs","duration":1,"failureMessages":[]},{"ancestorTitles":["","LLMCache","generateCacheKey"],"fullName":" LLMCache generateCacheKey should generate different keys for different facts","status":"passed","title":"should generate different keys for different facts","duration":1,"failureMessages":[]},{"ancestorTitles":["","LLMCache","generateCacheKey"],"fullName":" LLMCache generateCacheKey should generate different keys for different models","status":"passed","title":"should generate different keys for different models","duration":0,"failureMessages":[]},{"ancestorTitles":["","LLMCache","generateCacheKey"],"fullName":" LLMCache generateCacheKey should generate different keys for different style versions","status":"passed","title":"should generate different keys for different style versions","duration":0,"failureMessages":[]},{"ancestorTitles":["","LLMCache","generateCacheKey"],"fullName":" LLMCache generateCacheKey should use SHA-256 hash in cache key","status":"passed","title":"should use SHA-256 hash in cache key","duration":0,"failureMessages":[]},{"ancestorTitles":["","LLMCache","generateCacheKey"],"fullName":" LLMCache generateCacheKey should include model and style version in key format","status":"passed","title":"should include model and style version in key format","duration":0,"failureMessages":[]},{"ancestorTitles":["","LLMCache","get"],"fullName":" LLMCache get should return null for cache miss","status":"passed","title":"should return null for cache miss","duration":0,"failureMessages":[]},{"ancestorTitles":["","LLMCache","get"],"fullName":" LLMCache get should return cached value for cache hit","status":"passed","title":"should return cached value for cache hit","duration":0,"failureMessages":[]},{"ancestorTitles":["","LLMCache","get"],"fullName":" LLMCache get should return null for expired entries","status":"passed","title":"should return null for expired entries","duration":20,"failureMessages":[]},{"ancestorTitles":["","LLMCache","get"],"fullName":" LLMCache get should track cache hits","status":"passed","title":"should track cache hits","duration":0,"failureMessages":[]},{"ancestorTitles":["","LLMCache","get"],"fullName":" LLMCache get should track cache misses","status":"passed","title":"should track cache misses","duration":0,"failureMessages":[]},{"ancestorTitles":["","LLMCache","set"],"fullName":" LLMCache set should store response in cache","status":"passed","title":"should store response in cache","duration":0,"failureMessages":[]},{"ancestorTitles":["","LLMCache","set"],"fullName":" LLMCache set should overwrite existing entries","status":"passed","title":"should overwrite existing entries","duration":0,"failureMessages":[]},{"ancestorTitles":["","LLMCache","set"],"fullName":" LLMCache set should store entry with timestamp","status":"passed","title":"should store entry with timestamp","duration":1,"failureMessages":[]},{"ancestorTitles":["","LLMCache","has"],"fullName":" LLMCache has should return true for existing entries","status":"passed","title":"should return true for existing entries","duration":0,"failureMessages":[]},{"ancestorTitles":["","LLMCache","has"],"fullName":" LLMCache has should return false for nonexistent entries","status":"passed","title":"should return false for nonexistent entries","duration":0,"failureMessages":[]},{"ancestorTitles":["","LLMCache","has"],"fullName":" LLMCache has should return false for expired entries","status":"passed","title":"should return false for expired entries","duration":20,"failureMessages":[]},{"ancestorTitles":["","LLMCache","invalidate"],"fullName":" LLMCache invalidate should remove single entry","status":"passed","title":"should remove single entry","duration":0,"failureMessages":[]},{"ancestorTitles":["","LLMCache","invalidate"],"fullName":" LLMCache invalidate should not affect other entries","status":"passed","title":"should not affect other entries","duration":0,"failureMessages":[]},{"ancestorTitles":["","LLMCache","clear"],"fullName":" LLMCache clear should remove all entries","status":"passed","title":"should remove all entries","duration":0,"failureMessages":[]},{"ancestorTitles":["","LLMCache","clear"],"fullName":" LLMCache clear should reset stats","status":"passed","title":"should reset stats","duration":0,"failureMessages":[]},{"ancestorTitles":["","LLMCache","getStats"],"fullName":" LLMCache getStats should return initial stats","status":"passed","title":"should return initial stats","duration":0,"failureMessages":[]},{"ancestorTitles":["","LLMCache","getStats"],"fullName":" LLMCache getStats should calculate hit rate correctly","status":"passed","title":"should calculate hit rate correctly","duration":1,"failureMessages":[]},{"ancestorTitles":["","LLMCache","getStats"],"fullName":" LLMCache getStats should track cache size","status":"passed","title":"should track cache size","duration":0,"failureMessages":[]},{"ancestorTitles":["","LLMCache","TTL and expiration"],"fullName":" LLMCache TTL and expiration should use default TTL (15 minutes)","status":"passed","title":"should use default TTL (15 minutes)","duration":0,"failureMessages":[]},{"ancestorTitles":["","LLMCache","TTL and expiration"],"fullName":" LLMCache TTL and expiration should use custom TTL","status":"passed","title":"should use custom TTL","duration":0,"failureMessages":[]},{"ancestorTitles":["","LLMCache","TTL and expiration"],"fullName":" LLMCache TTL and expiration should clean up expired entries on access","status":"passed","title":"should clean up expired entries on access","duration":20,"failureMessages":[]},{"ancestorTitles":["","LLMCache","maxSize limit"],"fullName":" LLMCache maxSize limit should respect maximum cache size","status":"passed","title":"should respect maximum cache size","duration":0,"failureMessages":[]},{"ancestorTitles":["","LLMCache","maxSize limit"],"fullName":" LLMCache maxSize limit should evict least recently used entries when full","status":"passed","title":"should evict least recently used entries when full","duration":0,"failureMessages":[]}],"startTime":1762366510660,"endTime":1762366510725,"status":"passed","message":"","name":"/media/iambrandonn/Files/ceps/tests/unit/llm/cache.test.ts"},{"assertionResults":[{"ancestorTitles":["","LLMGateway","initialization"],"fullName":" LLMGateway initialization should initialize with Anthropic as default provider","status":"passed","title":"should initialize with Anthropic as default provider","duration":1,"failureMessages":[]},{"ancestorTitles":["","LLMGateway","initialization"],"fullName":" LLMGateway initialization should initialize with OpenAI provider","status":"passed","title":"should initialize with OpenAI provider","duration":0,"failureMessages":[]},{"ancestorTitles":["","LLMGateway","initialization"],"fullName":" LLMGateway initialization should throw error if no API keys provided","status":"passed","title":"should throw error if no API keys provided","duration":3,"failureMessages":[]},{"ancestorTitles":["","LLMGateway","initialization"],"fullName":" LLMGateway initialization should accept custom budget","status":"passed","title":"should accept custom budget","duration":0,"failureMessages":[]},{"ancestorTitles":["","LLMGateway","initialization"],"fullName":" LLMGateway initialization should enable cache by default","status":"passed","title":"should enable cache by default","duration":0,"failureMessages":[]},{"ancestorTitles":["","LLMGateway","initialization"],"fullName":" LLMGateway initialization should support disabling cache","status":"passed","title":"should support disabling cache","duration":1,"failureMessages":[]},{"ancestorTitles":["","LLMGateway","completions"],"fullName":" LLMGateway completions should send prompt to current provider","status":"passed","title":"should send prompt to current provider","duration":3,"failureMessages":[]},{"ancestorTitles":["","LLMGateway","completions"],"fullName":" LLMGateway completions should pass through options to adapter","status":"passed","title":"should pass through options to adapter","duration":0,"failureMessages":[]},{"ancestorTitles":["","LLMGateway","completions"],"fullName":" LLMGateway completions should use cache when enabled","status":"passed","title":"should use cache when enabled","duration":1,"failureMessages":[]},{"ancestorTitles":["","LLMGateway","completions"],"fullName":" LLMGateway completions should track budget usage","status":"passed","title":"should track budget usage","duration":0,"failureMessages":[]},{"ancestorTitles":["","LLMGateway","completions"],"fullName":" LLMGateway completions should throw error when budget exceeded","status":"passed","title":"should throw error when budget exceeded","duration":1,"failureMessages":[]},{"ancestorTitles":["","LLMGateway","provider switching"],"fullName":" LLMGateway provider switching should switch to OpenAI provider","status":"passed","title":"should switch to OpenAI provider","duration":1,"failureMessages":[]},{"ancestorTitles":["","LLMGateway","provider switching"],"fullName":" LLMGateway provider switching should switch to Anthropic provider","status":"passed","title":"should switch to Anthropic provider","duration":0,"failureMessages":[]},{"ancestorTitles":["","LLMGateway","provider switching"],"fullName":" LLMGateway provider switching should throw error for unavailable provider","status":"passed","title":"should throw error for unavailable provider","duration":0,"failureMessages":[]},{"ancestorTitles":["","LLMGateway","provider switching"],"fullName":" LLMGateway provider switching should use new provider after switching","status":"passed","title":"should use new provider after switching","duration":0,"failureMessages":[]},{"ancestorTitles":["","LLMGateway","budget management"],"fullName":" LLMGateway budget management should check budget correctly","status":"passed","title":"should check budget correctly","duration":0,"failureMessages":[]},{"ancestorTitles":["","LLMGateway","budget management"],"fullName":" LLMGateway budget management should return remaining budget","status":"passed","title":"should return remaining budget","duration":1,"failureMessages":[]},{"ancestorTitles":["","LLMGateway","budget management"],"fullName":" LLMGateway budget management should track usage across multiple calls","status":"passed","title":"should track usage across multiple calls","duration":0,"failureMessages":[]},{"ancestorTitles":["","LLMGateway","cache management"],"fullName":" LLMGateway cache management should return cache statistics","status":"passed","title":"should return cache statistics","duration":0,"failureMessages":[]},{"ancestorTitles":["","LLMGateway","cache management"],"fullName":" LLMGateway cache management should clear cache","status":"passed","title":"should clear cache","duration":1,"failureMessages":[]},{"ancestorTitles":["","LLMGateway","usage statistics"],"fullName":" LLMGateway usage statistics should return usage statistics","status":"passed","title":"should return usage statistics","duration":0,"failureMessages":[]},{"ancestorTitles":["","LLMGateway","usage statistics"],"fullName":" LLMGateway usage statistics should track provider-specific usage","status":"passed","title":"should track provider-specific usage","duration":0,"failureMessages":[]}],"startTime":1762366510672,"endTime":1762366510686,"status":"passed","message":"","name":"/media/iambrandonn/Files/ceps/tests/unit/llm/gateway.test.ts"},{"assertionResults":[{"ancestorTitles":["","CLI Argument Parsing"],"fullName":" CLI Argument Parsing should parse project root from first positional argument","status":"passed","title":"should parse project root from first positional argument","duration":1,"failureMessages":[]},{"ancestorTitles":["","CLI Argument Parsing"],"fullName":" CLI Argument Parsing should default to current directory if no argument provided","status":"passed","title":"should default to current directory if no argument provided","duration":0,"failureMessages":[]},{"ancestorTitles":["","CLI Argument Parsing"],"fullName":" CLI Argument Parsing should parse --deterministic flag","status":"passed","title":"should parse --deterministic flag","duration":0,"failureMessages":[]},{"ancestorTitles":["","CLI Argument Parsing"],"fullName":" CLI Argument Parsing should parse --max-workers with value","status":"passed","title":"should parse --max-workers with value","duration":0,"failureMessages":[]},{"ancestorTitles":["","CLI Argument Parsing"],"fullName":" CLI Argument Parsing should throw error for invalid --max-workers value","status":"passed","title":"should throw error for invalid --max-workers value","duration":1,"failureMessages":[]},{"ancestorTitles":["","CLI Argument Parsing"],"fullName":" CLI Argument Parsing should throw error if --max-workers has no value","status":"passed","title":"should throw error if --max-workers has no value","duration":0,"failureMessages":[]},{"ancestorTitles":["","CLI Argument Parsing"],"fullName":" CLI Argument Parsing should validate that project root exists","status":"passed","title":"should validate that project root exists","duration":1,"failureMessages":[]},{"ancestorTitles":["","CLI Argument Parsing"],"fullName":" CLI Argument Parsing should validate that project root is a directory","status":"passed","title":"should validate that project root is a directory","duration":0,"failureMessages":[]},{"ancestorTitles":["","CLI Argument Parsing"],"fullName":" CLI Argument Parsing should parse --version flag","status":"passed","title":"should parse --version flag","duration":0,"failureMessages":[]}],"startTime":1762366512239,"endTime":1762366512242,"status":"passed","message":"","name":"/media/iambrandonn/Files/ceps/tests/unit/orchestrator/cli.test.ts"},{"assertionResults":[{"ancestorTitles":["","Fact Extractor"],"fullName":" Fact Extractor should extract function entities","status":"passed","title":"should extract function entities","duration":891,"failureMessages":[]},{"ancestorTitles":["","Fact Extractor"],"fullName":" Fact Extractor should extract class entities","status":"passed","title":"should extract class entities","duration":695,"failureMessages":[]},{"ancestorTitles":["","Fact Extractor"],"fullName":" Fact Extractor should extract import/export relations","status":"passed","title":"should extract import/export relations","duration":2,"failureMessages":[]},{"ancestorTitles":["","Fact Extractor"],"fullName":" Fact Extractor should extract call relations inside functions","status":"passed","title":"should extract call relations inside functions","duration":628,"failureMessages":[]},{"ancestorTitles":["","Fact Extractor"],"fullName":" Fact Extractor should detect side effects (I/O, network, DB)","status":"passed","title":"should detect side effects (I/O, network, DB)","duration":574,"failureMessages":[]},{"ancestorTitles":["","Fact Extractor"],"fullName":" Fact Extractor should extract JSDoc comments","status":"passed","title":"should extract JSDoc comments","duration":456,"failureMessages":[]},{"ancestorTitles":["","Fact Extractor"],"fullName":" Fact Extractor should use content-based anchors (not path-based)","status":"passed","title":"should use content-based anchors (not path-based)","duration":433,"failureMessages":[]}],"startTime":1762366512383,"endTime":1762366516062,"status":"passed","message":"","name":"/media/iambrandonn/Files/ceps/tests/unit/parser/fact-extractor.test.ts"},{"assertionResults":[{"ancestorTitles":["","Parser"],"fullName":" Parser should parse a simple TypeScript file","status":"passed","title":"should parse a simple TypeScript file","duration":911,"failureMessages":[]},{"ancestorTitles":["","Parser"],"fullName":" Parser should extract function signatures","status":"passed","title":"should extract function signatures","duration":658,"failureMessages":[]},{"ancestorTitles":["","Parser"],"fullName":" Parser should detect exported entities","status":"passed","title":"should detect exported entities","duration":581,"failureMessages":[]},{"ancestorTitles":["","Parser"],"fullName":" Parser should handle edge syntax gracefully","status":"passed","title":"should handle edge syntax gracefully","duration":631,"failureMessages":[]},{"ancestorTitles":["","Parser"],"fullName":" Parser should handle parse errors gracefully","status":"passed","title":"should handle parse errors gracefully","duration":520,"failureMessages":[]},{"ancestorTitles":["","Parser"],"fullName":" Parser should handle JSX with dynamic imports (Babel fallback if needed)","status":"passed","title":"should handle JSX with dynamic imports (Babel fallback if needed)","duration":525,"failureMessages":[]},{"ancestorTitles":["","Parser"],"fullName":" Parser should document Babel fallback limitations","status":"passed","title":"should document Babel fallback limitations","duration":496,"failureMessages":[]},{"ancestorTitles":["","Parser"],"fullName":" Parser should extract entities from JSX components","status":"passed","title":"should extract entities from JSX components","duration":484,"failureMessages":[]}],"startTime":1762366512515,"endTime":1762366517322,"status":"passed","message":"","name":"/media/iambrandonn/Files/ceps/tests/unit/parser/parser.test.ts"},{"assertionResults":[{"ancestorTitles":["","Pattern Detector"],"fullName":" Pattern Detector should detect eval usage","status":"passed","title":"should detect eval usage","duration":8,"failureMessages":[]},{"ancestorTitles":["","Pattern Detector"],"fullName":" Pattern Detector should detect dynamic imports","status":"passed","title":"should detect dynamic imports","duration":2,"failureMessages":[]},{"ancestorTitles":["","Pattern Detector"],"fullName":" Pattern Detector should detect Proxy usage","status":"passed","title":"should detect Proxy usage","duration":2,"failureMessages":[]},{"ancestorTitles":["","Pattern Detector"],"fullName":" Pattern Detector should detect Function constructor","status":"passed","title":"should detect Function constructor","duration":0,"failureMessages":[]},{"ancestorTitles":["","Pattern Detector"],"fullName":" Pattern Detector should not flag safe code","status":"passed","title":"should not flag safe code","duration":2,"failureMessages":[]}],"startTime":1762366512660,"endTime":1762366512674,"status":"passed","message":"","name":"/media/iambrandonn/Files/ceps/tests/unit/parser/pattern-detector.test.ts"},{"assertionResults":[{"ancestorTitles":["","IntentLifter","liftIntent"],"fullName":" IntentLifter liftIntent should lift Express route handler to behavior chunk","status":"passed","title":"should lift Express route handler to behavior chunk","duration":4,"failureMessages":[]},{"ancestorTitles":["","IntentLifter","liftIntent"],"fullName":" IntentLifter liftIntent should lift React component with pattern-based text","status":"passed","title":"should lift React component with pattern-based text","duration":0,"failureMessages":[]},{"ancestorTitles":["","IntentLifter","liftIntent"],"fullName":" IntentLifter liftIntent should compute confidence using KB.scoreConfidence","status":"passed","title":"should compute confidence using KB.scoreConfidence","duration":1,"failureMessages":[]},{"ancestorTitles":["","IntentLifter","liftIntent"],"fullName":" IntentLifter liftIntent should produce Low confidence chunk when no pattern matches","status":"passed","title":"should produce Low confidence chunk when no pattern matches","duration":0,"failureMessages":[]},{"ancestorTitles":["","IntentLifter","liftIntent"],"fullName":" IntentLifter liftIntent should use JSDoc in generic text when available","status":"passed","title":"should use JSDoc in generic text when available","duration":0,"failureMessages":[]},{"ancestorTitles":["","IntentLifter","liftIntent"],"fullName":" IntentLifter liftIntent should throw error when no factSets provided","status":"passed","title":"should throw error when no factSets provided","duration":1,"failureMessages":[]},{"ancestorTitles":["","IntentLifter","liftIntent"],"fullName":" IntentLifter liftIntent should throw error when factSet not found","status":"passed","title":"should throw error when factSet not found","duration":0,"failureMessages":[]},{"ancestorTitles":["","IntentLifter","liftIntent"],"fullName":" IntentLifter liftIntent should throw error when entity not found","status":"passed","title":"should throw error when entity not found","duration":0,"failureMessages":[]},{"ancestorTitles":["","IntentLifter","liftIntent"],"fullName":" IntentLifter liftIntent should generate deterministic chunk IDs","status":"passed","title":"should generate deterministic chunk IDs","duration":0,"failureMessages":[]},{"ancestorTitles":["","IntentLifter","Pattern Confidence Bonuses (Step 5)"],"fullName":" IntentLifter Pattern Confidence Bonuses (Step 5) should apply +15 confidence bonus for Express route handlers","status":"passed","title":"should apply +15 confidence bonus for Express route handlers","duration":1,"failureMessages":[]},{"ancestorTitles":["","IntentLifter","Pattern Confidence Bonuses (Step 5)"],"fullName":" IntentLifter Pattern Confidence Bonuses (Step 5) should apply +10 confidence bonus for Express middleware","status":"passed","title":"should apply +10 confidence bonus for Express middleware","duration":0,"failureMessages":[]},{"ancestorTitles":["","IntentLifter","Pattern Confidence Bonuses (Step 5)"],"fullName":" IntentLifter Pattern Confidence Bonuses (Step 5) should apply +15 confidence bonus for Express error handlers","status":"passed","title":"should apply +15 confidence bonus for Express error handlers","duration":0,"failureMessages":[]},{"ancestorTitles":["","IntentLifter","Pattern Confidence Bonuses (Step 5)"],"fullName":" IntentLifter Pattern Confidence Bonuses (Step 5) should apply +15 confidence bonus for React components","status":"passed","title":"should apply +15 confidence bonus for React components","duration":0,"failureMessages":[]},{"ancestorTitles":["","IntentLifter","Pattern Confidence Bonuses (Step 5)"],"fullName":" IntentLifter Pattern Confidence Bonuses (Step 5) should apply +10 confidence bonus for React hooks","status":"passed","title":"should apply +10 confidence bonus for React hooks","duration":1,"failureMessages":[]},{"ancestorTitles":["","IntentLifter","Pattern Confidence Bonuses (Step 5)"],"fullName":" IntentLifter Pattern Confidence Bonuses (Step 5) should NOT apply pattern bonus for generic functions","status":"passed","title":"should NOT apply pattern bonus for generic functions","duration":0,"failureMessages":[]},{"ancestorTitles":["","IntentLifter","Pattern Confidence Bonuses (Step 5)"],"fullName":" IntentLifter Pattern Confidence Bonuses (Step 5) should boost Medium confidence to High with pattern bonus","status":"passed","title":"should boost Medium confidence to High with pattern bonus","duration":0,"failureMessages":[]}],"startTime":1762366510665,"endTime":1762366510673,"status":"passed","message":"","name":"/media/iambrandonn/Files/ceps/tests/unit/reasoning/intent-lifter.test.ts"},{"assertionResults":[{"ancestorTitles":["","PatternMatcher","Express patterns"],"fullName":" PatternMatcher Express patterns should detect Express route handler pattern","status":"passed","title":"should detect Express route handler pattern","duration":2,"failureMessages":[]},{"ancestorTitles":["","PatternMatcher","Express patterns"],"fullName":" PatternMatcher Express patterns should detect POST route handler","status":"passed","title":"should detect POST route handler","duration":0,"failureMessages":[]},{"ancestorTitles":["","PatternMatcher","Express patterns"],"fullName":" PatternMatcher Express patterns should detect Express middleware pattern","status":"passed","title":"should detect Express middleware pattern","duration":0,"failureMessages":[]},{"ancestorTitles":["","PatternMatcher","Express patterns"],"fullName":" PatternMatcher Express patterns should detect Express error handler (4-param)","status":"passed","title":"should detect Express error handler (4-param)","duration":0,"failureMessages":[]},{"ancestorTitles":["","PatternMatcher","Express patterns"],"fullName":" PatternMatcher Express patterns should prefer error handler over middleware when both match","status":"passed","title":"should prefer error handler over middleware when both match","duration":0,"failureMessages":[]},{"ancestorTitles":["","PatternMatcher","Express patterns"],"fullName":" PatternMatcher Express patterns should detect correct route method when multiple calls present (REGRESSION: FEEDBACK1 High)","status":"passed","title":"should detect correct route method when multiple calls present (REGRESSION: FEEDBACK1 High)","duration":1,"failureMessages":[]},{"ancestorTitles":["","PatternMatcher","Express patterns"],"fullName":" PatternMatcher Express patterns should match route path to correct call when multiple calls have arguments (REGRESSION: FEEDBACK2 High)","status":"passed","title":"should match route path to correct call when multiple calls have arguments (REGRESSION: FEEDBACK2 High)","duration":0,"failureMessages":[]},{"ancestorTitles":["","PatternMatcher","React patterns"],"fullName":" PatternMatcher React patterns should detect React functional component","status":"passed","title":"should detect React functional component","duration":0,"failureMessages":[]},{"ancestorTitles":["","PatternMatcher","React patterns"],"fullName":" PatternMatcher React patterns should detect React useState hook","status":"passed","title":"should detect React useState hook","duration":0,"failureMessages":[]},{"ancestorTitles":["","PatternMatcher","React patterns"],"fullName":" PatternMatcher React patterns should detect React useEffect hook","status":"passed","title":"should detect React useEffect hook","duration":1,"failureMessages":[]},{"ancestorTitles":["","PatternMatcher","React patterns"],"fullName":" PatternMatcher React patterns should detect React useContext hook","status":"passed","title":"should detect React useContext hook","duration":0,"failureMessages":[]},{"ancestorTitles":["","PatternMatcher","React patterns"],"fullName":" PatternMatcher React patterns should detect React useRef hook","status":"passed","title":"should detect React useRef hook","duration":0,"failureMessages":[]},{"ancestorTitles":["","PatternMatcher","React patterns"],"fullName":" PatternMatcher React patterns should detect React useMemo hook","status":"passed","title":"should detect React useMemo hook","duration":0,"failureMessages":[]},{"ancestorTitles":["","PatternMatcher","React patterns"],"fullName":" PatternMatcher React patterns should detect React useCallback hook","status":"passed","title":"should detect React useCallback hook","duration":0,"failureMessages":[]},{"ancestorTitles":["","PatternMatcher","React patterns"],"fullName":" PatternMatcher React patterns should give exported components priority 80 (REGRESSION: FEEDBACK1 Medium)","status":"passed","title":"should give exported components priority 80 (REGRESSION: FEEDBACK1 Medium)","duration":0,"failureMessages":[]},{"ancestorTitles":["","PatternMatcher","React patterns"],"fullName":" PatternMatcher React patterns should give internal components priority 70 (REGRESSION: FEEDBACK1 Medium)","status":"passed","title":"should give internal components priority 70 (REGRESSION: FEEDBACK1 Medium)","duration":1,"failureMessages":[]},{"ancestorTitles":["","PatternMatcher","no pattern match"],"fullName":" PatternMatcher no pattern match should return null when no pattern matches","status":"passed","title":"should return null when no pattern matches","duration":0,"failureMessages":[]}],"startTime":1762366510665,"endTime":1762366510670,"status":"passed","message":"","name":"/media/iambrandonn/Files/ceps/tests/unit/reasoning/pattern-matcher.test.ts"},{"assertionResults":[{"ancestorTitles":["","RelationResolver","resolve"],"fullName":" RelationResolver resolve should resolve simple function call by name","status":"passed","title":"should resolve simple function call by name","duration":1,"failureMessages":[]},{"ancestorTitles":["","RelationResolver","resolve"],"fullName":" RelationResolver resolve should resolve qualified method call (ClassName.methodName)","status":"passed","title":"should resolve qualified method call (ClassName.methodName)","duration":1,"failureMessages":[]},{"ancestorTitles":["",
[...]
{"ancestorTitles":["","NumericValidator","Exact Numeric Match"],"fullName":" NumericValidator Exact Numeric Match should accept exact match with same unit","status":"passed","title":"should accept exact match with same unit","duration":2,"failureMessages":[]},{"ancestorTitles":["","NumericValidator","Exact Numeric Match"],"fullName":" NumericValidator Exact Numeric Match should accept exact match without unit mention","status":"passed","title":"should accept exact match without unit mention","duration":0,"failureMessages":[]},{"ancestorTitles":["","NumericValidator","Unit Conversion"],"fullName":" NumericValidator Unit Conversion should accept unit conversion seconds to milliseconds","status":"passed","title":"should accept unit conversion seconds to milliseconds","duration":0,"failureMessages":[]},{"ancestorTitles":["","NumericValidator","Unit Conversion"],"fullName":" NumericValidator Unit Conversion should accept reverse conversion milliseconds to seconds","status":"passed","title":"should accept reverse conversion milliseconds to seconds","duration":0,"failureMessages":[]},{"ancestorTitles":["","NumericValidator","Unit Conversion"],"fullName":" NumericValidator Unit Conversion should accept bytes to kilobytes conversion","status":"passed","title":"should accept bytes to kilobytes conversion","duration":0,"failureMessages":[]},{"ancestorTitles":["","NumericValidator","Nearest Integer Rounding (CTS-02)"],"fullName":" NumericValidator Nearest Integer Rounding (CTS-02) should accept nearest-integer rounding for human-friendly units","status":"passed","title":"should accept nearest-integer rounding for human-friendly units","duration":1,"failureMessages":[]},{"ancestorTitles":["","NumericValidator","Nearest Integer Rounding (CTS-02)"],"fullName":" NumericValidator Nearest Integer Rounding (CTS-02) should reject when rounded value does not match text","status":"passed","title":"should reject when rounded value does not match text","duration":2,"failureMessages":[]},{"ancestorTitles":["","NumericValidator","Percentage Conversion"],"fullName":" NumericValidator Percentage Conversion should accept percentage conversion","status":"passed","title":"should accept percentage conversion","duration":1,"failureMessages":[]},{"ancestorTitles":["","NumericValidator","Unknown Units"],"fullName":" NumericValidator Unknown Units should reject unknown unit with diagnostic","status":"passed","title":"should reject unknown unit with diagnostic","duration":0,"failureMessages":[]},{"ancestorTitles":["","NumericValidator","Enum Validation"],"fullName":" NumericValidator Enum Validation should accept valid HTTP method","status":"passed","title":"should accept valid HTTP method","duration":0,"failureMessages":[]},{"ancestorTitles":["","NumericValidator","Enum Validation"],"fullName":" NumericValidator Enum Validation should reject invalid HTTP method","status":"passed","title":"should reject invalid HTTP method","duration":0,"failureMessages":[]},{"ancestorTitles":["","NumericValidator","Enum Validation"],"fullName":" NumericValidator Enum Validation should enforce case sensitivity for enums","status":"passed","title":"should enforce case sensitivity for enums","duration":1,"failureMessages":[]},{"ancestorTitles":["","NumericValidator","Enum Validation"],"fullName":" NumericValidator Enum Validation should skip enum validation if no registry entry exists","status":"passed","title":"should skip enum validation if no registry entry exists","duration":0,"failureMessages":[]}],"startTime":1762366510683,"endTime":1762366510691,"status":"passed","message":"","name":"/media/iambrandonn/Files/ceps/src/validation/__tests__/validator-numeric.test.ts"},{"assertionResults":[{"ancestorTitles":["","RetryController","Accept Flow"],"fullName":" RetryController Accept Flow should return accept when validation passes","status":"passed","title":"should return accept when validation passes","duration":1,"failureMessages":[]},{"ancestorTitles":["","RetryController","Accept Flow"],"fullName":" RetryController Accept Flow should use LLM text when accepting","status":"passed","title":"should use LLM text when accepting","duration":0,"failureMessages":[]},{"ancestorTitles":["","RetryController","First Retry (R1)"],"fullName":" RetryController First Retry (R1) should return retry with R1 prompt on first failure","status":"passed","title":"should return retry with R1 prompt on first failure","duration":0,"failureMessages":[]},{"ancestorTitles":["","RetryController","First Retry (R1)"],"fullName":" RetryController First Retry (R1) should include retry guidance in metadata","status":"passed","title":"should include retry guidance in metadata","duration":1,"failureMessages":[]},{"ancestorTitles":["","RetryController","Second Retry (R2)"],"fullName":" RetryController Second Retry (R2) should return retry with R2 prompt on second failure","status":"passed","title":"should return retry with R2 prompt on second failure","duration":0,"failureMessages":[]},{"ancestorTitles":["","RetryController","Template Fallback"],"fullName":" RetryController Template Fallback should fallback to template after 2 retries","status":"passed","title":"should fallback to template after 2 retries","duration":0,"failureMessages":[]},{"ancestorTitles":["","RetryController","Template Fallback"],"fullName":" RetryController Template Fallback should preserve factSetIds in fallback","status":"passed","title":"should preserve factSetIds in fallback","duration":1,"failureMessages":[]},{"ancestorTitles":["","RetryController","Template Fallback"],"fullName":" RetryController Template Fallback should include warning for fallback","status":"passed","title":"should include warning for fallback","duration":0,"failureMessages":[]},{"ancestorTitles":["","RetryController","Template Fallback"],"fullName":" RetryController Template Fallback should track fallback metrics","status":"passed","title":"should track fallback metrics","duration":0,"failureMessages":[]},{"ancestorTitles":["","RetryController","Template Fallback"],"fullName":" RetryController Template Fallback should bypass re-validation for template (trusted)","status":"passed","title":"should bypass re-validation for template (trusted)","duration":1,"failureMessages":[]},{"ancestorTitles":["","RetryController","Prompt Key Mapping (CTS-02)"],"fullName":" RetryController Prompt Key Mapping (CTS-02) should use exact CTS-02 prompt keys","status":"passed","title":"should use exact CTS-02 prompt keys","duration":0,"failureMessages":[]},{"ancestorTitles":["","RetryController","Immediate Fallback"],"fullName":" RetryController Immediate Fallback should fallback immediately if validation status is fallback","status":"passed","title":"should fallback immediately if validation status is fallback","duration":0,"failureMessages":[]}],"startTime":1762366511106,"endTime":1762366511110,"status":"passed","message":"","name":"/media/iambrandonn/Files/ceps/src/validation/__tests__/validator-retry.test.ts"},{"assertionResults":[{"ancestorTitles":["","AnthropicAdapter","initialization"],"fullName":" AnthropicAdapter initialization should initialize with API key","status":"passed","title":"should initialize with API key","duration":1,"failureMessages":[]},{"ancestorTitles":["","AnthropicAdapter","initialization"],"fullName":" AnthropicAdapter initialization should throw error if API key is missing","status":"passed","title":"should throw error if API key is missing","duration":1,"failureMessages":[]},{"ancestorTitles":["","AnthropicAdapter","initialization"],"fullName":" AnthropicAdapter initialization should use default model","status":"passed","title":"should use default model","duration":0,"failureMessages":[]},{"ancestorTitles":["","AnthropicAdapter","initialization"],"fullName":" AnthropicAdapter initialization should accept custom model","status":"passed","title":"should accept custom model","duration":0,"failureMessages":[]},{"ancestorTitles":["","AnthropicAdapter","completions"],"fullName":" AnthropicAdapter completions should send prompt and return response","status":"passed","title":"should send prompt and return response","duration":0,"failureMessages":[]},{"ancestorTitles":["","AnthropicAdapter","completions"],"fullName":" AnthropicAdapter completions should use specified model","status":"passed","title":"should use specified model","duration":2,"failureMessages":[]},{"ancestorTitles":["","AnthropicAdapter","completions"],"fullName":" AnthropicAdapter completions should use low temperature by default","status":"passed","title":"should use low temperature by default","duration":1,"failureMessages":[]},{"ancestorTitles":["","AnthropicAdapter","completions"],"fullName":" AnthropicAdapter completions should support custom temperature","status":"passed","title":"should support custom temperature","duration":0,"failureMessages":[]},{"ancestorTitles":["","AnthropicAdapter","completions"],"fullName":" AnthropicAdapter completions should respect max_tokens option","status":"passed","title":"should respect max_tokens option","duration":0,"failureMessages":[]},{"ancestorTitles":["","AnthropicAdapter","completions"],"fullName":" AnthropicAdapter completions should handle API errors gracefully","status":"passed","title":"should handle API errors gracefully","duration":1,"failureMessages":[]},{"ancestorTitles":["","AnthropicAdapter","completions"],"fullName":" AnthropicAdapter completions should return usage statistics","status":"passed","title":"should return usage statistics","duration":0,"failureMessages":[]},{"ancestorTitles":["","AnthropicAdapter","countTokens"],"fullName":" AnthropicAdapter countTokens should estimate token count for text","status":"passed","title":"should estimate token count for text","duration":1,"failureMessages":[]},{"ancestorTitles":["","AnthropicAdapter","countTokens"],"fullName":" AnthropicAdapter countTokens should handle empty text","status":"passed","title":"should handle empty text","duration":0,"failureMessages":[]},{"ancestorTitles":["","AnthropicAdapter","countTokens"],"fullName":" AnthropicAdapter countTokens should handle long text","status":"passed","title":"should handle long text","duration":0,"failureMessages":[]},{"ancestorTitles":["","AnthropicAdapter","calculateCost"],"fullName":" AnthropicAdapter calculateCost should calculate cost for Claude Sonnet 4.5","status":"passed","title":"should calculate cost for Claude Sonnet 4.5","duration":0,"failureMessages":[]},{"ancestorTitles":["","AnthropicAdapter","calculateCost"],"fullName":" AnthropicAdapter calculateCost should calculate cost for Claude Opus 4","status":"passed","title":"should calculate cost for Claude Opus 4","duration":0,"failureMessages":[]},{"ancestorTitles":["","AnthropicAdapter","calculateCost"],"fullName":" AnthropicAdapter calculateCost should handle zero tokens","status":"passed","title":"should handle zero tokens","duration":1,"failureMessages":[]},{"ancestorTitles":["","AnthropicAdapter","getLastUsage"],"fullName":" AnthropicAdapter getLastUsage should return null initially","status":"passed","title":"should return null initially","duration":0,"failureMessages":[]},{"ancestorTitles":["","AnthropicAdapter","getLastUsage"],"fullName":" AnthropicAdapter getLastUsage should return usage after completions call","status":"passed","title":"should return usage after completions call","duration":0,"failureMessages":[]},{"ancestorTitles":["","AnthropicAdapter","system prompts"],"fullName":" AnthropicAdapter system prompts should support system prompts","status":"passed","title":"should support system prompts","duration":0,"failureMessages":[]}],"startTime":1762366511154,"endTime":1762366511164,"status":"passed","message":"","name":"/media/iambrandonn/Files/ceps/tests/unit/llm/adapters/anthropic.test.ts"},{"assertionResults":[{"ancestorTitles":["","OpenAIAdapter","initialization"],"fullName":" OpenAIAdapter initialization should initialize with API key","status":"passed","title":"should initialize with API key","duration":2,"failureMessages":[]},{"ancestorTitles":["","OpenAIAdapter","initialization"],"fullName":" OpenAIAdapter initialization should throw error if API key is missing","status":"passed","title":"should throw error if API key is missing","duration":1,"failureMessages":[]},{"ancestorTitles":["","OpenAIAdapter","initialization"],"fullName":" OpenAIAdapter initialization should use default model","status":"passed","title":"should use default model","duration":0,"failureMessages":[]},{"ancestorTitles":["","OpenAIAdapter","initialization"],"fullName":" OpenAIAdapter initialization should accept custom model","status":"passed","title":"should accept custom model","duration":0,"failureMessages":[]},{"ancestorTitles":["","OpenAIAdapter","completions"],"fullName":" OpenAIAdapter completions should send prompt and return response","status":"passed","title":"should send prompt and return response","duration":1,"failureMessages":[]},{"ancestorTitles":["","OpenAIAdapter","completions"],"fullName":" OpenAIAdapter completions should use specified model","status":"passed","title":"should use specified model","duration":2,"failureMessages":[]},{"ancestorTitles":["","OpenAIAdapter","completions"],"fullName":" OpenAIAdapter completions should use low temperature by default","status":"passed","title":"should use low temperature by default","duration":0,"failureMessages":[]},{"ancestorTitles":["","OpenAIAdapter","completions"],"fullName":" OpenAIAdapter completions should support custom temperature","status":"passed","title":"should support custom temperature","duration":1,"failureMessages":[]},{"ancestorTitles":["","OpenAIAdapter","completions"],"fullName":" OpenAIAdapter completions should respect maxTokens option","status":"passed","title":"should respect maxTokens option","duration":0,"failureMessages":[]},{"ancestorTitles":["","OpenAIAdapter","completions"],"fullName":" OpenAIAdapter completions should handle API errors gracefully","status":"passed","title":"should handle API errors gracefully","duration":0,"failureMessages":[]},{"ancestorTitles":["","OpenAIAdapter","completions"],"fullName":" OpenAIAdapter completions should return usage statistics","status":"passed","title":"should return usage statistics","duration":1,"failureMessages":[]},{"ancestorTitles":["","OpenAIAdapter","countTokens"],"fullName":" OpenAIAdapter countTokens should estimate token count for text","status":"passed","title":"should estimate token count for text","duration":0,"failureMessages":[]},{"ancestorTitles":["","OpenAIAdapter","countTokens"],"fullName":" OpenAIAdapter countTokens should handle empty text","status":"passed","title":"should handle empty text","duration":0,"failureMessages":[]},{"ancestorTitles":["","OpenAIAdapter","countTokens"],"fullName":" OpenAIAdapter countTokens should handle long text","status":"passed","title":"should handle long text","duration":0,"failureMessages":[]},{"ancestorTitles":["","OpenAIAdapter","calculateCost"],"fullName":" OpenAIAdapter calculateCost should calculate cost for GPT-4 Turbo","status":"passed","title":"should calculate cost for GPT-4 Turbo","duration":1,"failureMessages":[]},{"ancestorTitles":["","OpenAIAdapter","calculateCost"],"fullName":" OpenAIAdapter calculateCost should calculate cost for GPT-3.5 Turbo","status":"passed","title":"should calculate cost for GPT-3.5 Turbo","duration":0,"failureMessages":[]},{"ancestorTitles":["","OpenAIAdapter","calculateCost"],"fullName":" OpenAIAdapter calculateCost should handle zero tokens","status":"passed","title":"should handle zero tokens","duration":0,"failureMessages":[]},{"ancestorTitles":["","OpenAIAdapter","getLastUsage"],"fullName":" OpenAIAdapter getLastUsage should return null initially","status":"passed","title":"should return null initially","duration":0,"failureMessages":[]},{"ancestorTitles":["","OpenAIAdapter","getLastUsage"],"fullName":" OpenAIAdapter getLastUsage should return usage after completions call","status":"passed","title":"should return usage after completions call","duration":0,"failureMessages":[]},{"ancestorTitles":["","OpenAIAdapter","system prompts"],"fullName":" OpenAIAdapter system prompts should support system prompts","status":"passed","title":"should support system prompts","duration":0,"failureMessages":[]}],"startTime":1762366511146,"endTime":1762366511156,"status":"passed","message":"","name":"/media/iambrandonn/Files/ceps/tests/unit/llm/adapters/openai.test.ts"},{"assertionResults":[{"ancestorTitles":["","ConfigReader"],"fullName":" ConfigReader should extract config keys from valid JSON","status":"passed","title":"should extract config keys from valid JSON","duration":5,"failureMessages":[]},{"ancestorTitles":["","ConfigReader"],"fullName":" ConfigReader should handle empty JSON object","status":"passed","title":"should handle empty JSON object","duration":0,"failureMessages":[]},{"ancestorTitles":["","ConfigReader"],"fullName":" ConfigReader should return empty factSets for malformed JSON","status":"passed","title":"should return empty factSets for malformed JSON","duration":1,"failureMessages":[]},{"ancestorTitles":["","ConfigReader"],"fullName":" ConfigReader should handle nested objects (extracts top-level keys only)","status":"passed","title":"should handle nested objects (extracts top-level keys only)","duration":0,"failureMessages":[]},{"ancestorTitles":["","ConfigReader"],"fullName":" ConfigReader should have correct factSet metadata","status":"passed","title":"should have correct factSet metadata","duration":1,"failureMessages":[]},{"ancestorTitles":["","ConfigReader"],"fullName":" ConfigReader should handle config with array values","status":"passed","title":"should handle config with array values","duration":0,"failureMessages":[]},{"ancestorTitles":["","ConfigReader"],"fullName":" ConfigReader should extract facts with correct predicate","status":"passed","title":"should extract facts with correct predicate","duration":0,"failureMessages":[]},{"ancestorTitles":["","ConfigReader"],"fullName":" ConfigReader should handle empty string gracefully","status":"passed","title":"should handle empty string gracefully","duration":1,"failureMessages":[]}],"startTime":1762366512108,"endTime":1762366512116,"status":"passed","message":"","name":"/media/iambrandonn/Files/ceps/tests/unit/parser/aux-readers/config-reader.test.ts"},{"assertionResults":[{"ancestorTitles":["","TestReader"],"fullName":" TestReader should extract test case names from describe blocks","status":"passed","title":"should extract test case names from describe blocks","duration":40,"failureMessages":[]},{"ancestorTitles":["","TestReader"],"fullName":" TestReader should extract test case names from it blocks","status":"passed","title":"should extract test case names from it blocks","duration":2,"failureMessages":[]},{"ancestorTitles":["","TestReader"],"fullName":" TestReader should extract from test() syntax (Jest/Vitest)","status":"passed","title":"should extract from test() syntax (Jest/Vitest)","duration":1,"failureMessages":[]},{"ancestorTitles":["","TestReader"],"fullName":" TestReader should handle nested describe blocks","status":"passed","title":"should handle nested describe blocks","duration":1,"failureMessages":[]},{"ancestorTitles":["","TestReader"],"fullName":" TestReader should return empty factSets when no tests found","status":"passed","title":"should return empty factSets when no tests found","duration":15,"failureMessages":[]},{"ancestorTitles":["","TestReader"],"fullName":" TestReader should have correct factSet metadata","status":"passed","title":"should have correct factSet metadata","duration":14,"failureMessages":[]},{"ancestorTitles":["","TestReader"],"fullName":" TestReader should handle various quote styles","status":"passed","title":"should handle various quote styles","duration":3,"failureMessages":[]}],"startTime":1762366512388,"endTime":1762366512464,"status":"passed","message":"","name":"/media/iambrandonn/Files/ceps/tests/unit/parser/aux-readers/test-reader.test.ts"}]}